<?xml version="1.0" encoding="UTF-8"?>
<!-- Generated by org.testng.reporters.JUnitReportReporter -->
<testsuite hostname="DESKTOP-LCSEJB7" failures="0" tests="1" name="actitimepom.TC_Settings_0069Test" time="26.051" errors="0" timestamp="2022-07-23T11:40:28 IST" skipped="0">
  <testcase classname="actitimepom.TC_Settings_0069Test" name="LoginTest" time="26.051"/>
  <system-out/>
</testsuite> <!-- actitimepom.TC_Settings_0069Test -->
