<?xml version="1.0" encoding="UTF-8"?>
<!-- Generated by org.testng.reporters.JUnitReportReporter -->
<testsuite hostname="DESKTOP-LCSEJB7" failures="0" tests="1" name="demowebshoppages.ClickOnRegister" time="33.294" errors="0" timestamp="2022-07-22T14:36:43 IST" skipped="0">
  <testcase classname="demowebshoppages.ClickOnRegister" name="clickOnRegister" time="33.294"/>
  <system-out/>
</testsuite> <!-- demowebshoppages.ClickOnRegister -->
