<?xml version="1.0" encoding="UTF-8"?>
<!-- Generated by org.testng.reporters.JUnitReportReporter -->
<testsuite hostname="DESKTOP-LCSEJB7" failures="0" tests="1" name="datadriven.ToDataProviderFromWorkbook" time="1.580" errors="0" timestamp="2022-07-20T10:25:18 IST" skipped="0">
  <testcase classname="datadriven.ToDataProviderFromWorkbook" name="details" time="1.580"/>
  <system-out/>
</testsuite> <!-- datadriven.ToDataProviderFromWorkbook -->
