<?xml version="1.0" encoding="UTF-8"?>
<!-- Generated by org.testng.reporters.JUnitReportReporter -->
<testsuite hostname="DESKTOP-LCSEJB7" failures="0" tests="1" name="baseclass.Vtiger" time="17.998" errors="0" timestamp="2022-07-15T16:21:28 IST" skipped="0">
  <testcase classname="baseclass.Vtiger" name="someAction" time="17.998"/>
  <system-out>
Clicked on calender Home page is displayed successfully  </system-out>
</testsuite> <!-- baseclass.Vtiger -->
