<?xml version="1.0" encoding="UTF-8"?>
<!-- Generated by org.testng.reporters.JUnitReportReporter -->
<testsuite hostname="DESKTOP-LCSEJB7" failures="0" tests="1" name="testngprsctice.EcourtsHomePage" time="8.603" errors="0" timestamp="2022-07-12T15:49:06 IST" skipped="0">
  <testcase classname="testngprsctice.EcourtsHomePage" name="ecourtsHomePage" time="8.603"/>
  <system-out/>
</testsuite> <!-- testngprsctice.EcourtsHomePage -->
