<?xml version="1.0" encoding="UTF-8"?>
<!-- Generated by org.testng.reporters.JUnitReportReporter -->
<testsuite hostname="DESKTOP-LCSEJB7" failures="0" tests="1" name="testngprsctice.IxigoHomePage" time="20.670" errors="0" timestamp="2022-07-18T14:05:12 IST" skipped="0">
  <testcase classname="testngprsctice.IxigoHomePage" name="ixigoHome" time="20.670"/>
  <system-out/>
</testsuite> <!-- testngprsctice.IxigoHomePage -->
