<?xml version="1.0" encoding="UTF-8"?>
<!-- Generated by org.testng.reporters.JUnitReportReporter -->
<testsuite hostname="DESKTOP-LCSEJB7" failures="0" tests="1" name="testngprsctice.WoodenStreetHomePage" time="6.052" errors="0" timestamp="2022-07-12T16:50:23 IST" skipped="0">
  <testcase classname="testngprsctice.WoodenStreetHomePage" name="woodenStreetTest" time="6.052"/>
  <system-out/>
</testsuite> <!-- testngprsctice.WoodenStreetHomePage -->
