<?xml version="1.0" encoding="UTF-8"?>
<!-- Generated by org.testng.reporters.JUnitReportReporter -->
<testsuite hostname="DESKTOP-LCSEJB7" failures="0" tests="3" name="testngprsctice.Groups" time="0.025" errors="0" timestamp="2022-07-17T20:04:45 IST" skipped="0">
  <testcase classname="testngprsctice.Groups" name="grp3" time="0.003"/>
  <system-out/>
  <testcase classname="testngprsctice.Groups" name="grp1" time="0.004"/>
  <system-out/>
  <testcase classname="testngprsctice.Groups" name="grp2" time="0.018"/>
  <system-out/>
</testsuite> <!-- testngprsctice.Groups -->
