<?xml version="1.0" encoding="UTF-8"?>
<!-- Generated by org.testng.reporters.JUnitReportReporter -->
<testsuite hostname="DESKTOP-LCSEJB7" failures="0" tests="1" name="specific.Rediff" time="12.204" errors="0" timestamp="2022-07-18T17:25:26 IST" skipped="0">
  <testcase classname="specific.Rediff" name="sendAndDeleteMail" time="12.204"/>
  <system-out/>
</testsuite> <!-- specific.Rediff -->
