<?xml version="1.0" encoding="UTF-8"?>
<!-- Generated by org.testng.reporters.JUnitReportReporter -->
<testsuite hostname="DESKTOP-LCSEJB7" failures="0" tests="1" name="testngprsctice.ParametersAnnotation" time="23.184" errors="0" timestamp="2022-07-20T10:48:56 IST" skipped="0">
  <testcase classname="testngprsctice.ParametersAnnotation" name="crossBrowser" time="23.184"/>
  <system-out/>
</testsuite> <!-- testngprsctice.ParametersAnnotation -->
