<?xml version="1.0" encoding="UTF-8"?>
<!-- Generated by org.testng.reporters.JUnitReportReporter -->
<testsuite hostname="DESKTOP-LCSEJB7" failures="0" tests="2" name="specific.DemoWebShopUserCreation" time="15.644" errors="0" timestamp="2022-07-15T11:42:54 IST" skipped="0">
  <testcase classname="specific.DemoWebShopUserCreation" name="userCreation" time="7.920"/>
  <system-out/>
  <testcase classname="specific.DemoWebShopUserCreation" name="userCreation" time="7.724"/>
  <system-out/>
</testsuite> <!-- specific.DemoWebShopUserCreation -->
